<?xml version="1.0" encoding="UTF-8"?>
<testng-results ignored="0" total="30" passed="20" failed="10" skipped="0">
  <reporter-output>
  </reporter-output>
  <suite started-at="2024-02-22T03:11:36 EET" name="Surefire suite" finished-at="2024-02-22T03:12:39 EET" duration-ms="63594">
    <groups>
    </groups>
    <test started-at="2024-02-22T03:11:36 EET" name="Surefire test" finished-at="2024-02-22T03:12:39 EET" duration-ms="63594">
      <class name="login.LoginTests">
        <test-method is-config="true" signature="setUp()[pri:0, instance:login.LoginTests@4fb3ee4e]" started-at="2024-02-22T03:12:25 EET" name="setUp" finished-at="2024-02-22T03:12:30 EET" duration-ms="5055" status="PASS">
          <reporter-output>
          </reporter-output>
        </test-method> <!-- setUp -->
        <test-method is-config="true" signature="testlogout()[pri:0, instance:login.LoginTests@4fb3ee4e]" started-at="2024-02-22T03:12:30 EET" name="testlogout" finished-at="2024-02-22T03:12:30 EET" duration-ms="105" status="PASS">
          <reporter-output>
          </reporter-output>
        </test-method> <!-- testlogout -->
        <test-method signature="testLockedUserLogin(java.lang.String)[pri:0, instance:login.LoginTests@4fb3ee4e]" started-at="2024-02-22T03:12:30 EET" name="testLockedUserLogin" data-provider="InvalidUsers" finished-at="2024-02-22T03:12:31 EET" duration-ms="813" status="PASS">
          <params>
            <param index="0">
              <value>
                <![CDATA[locked_out_user]]>
              </value>
            </param>
          </params>
          <reporter-output>
          </reporter-output>
        </test-method> <!-- testLockedUserLogin -->
        <test-method is-config="true" signature="checkPerformance(org.testng.ITestResult,java.lang.reflect.Method)[pri:0, instance:login.LoginTests@4fb3ee4e]" started-at="2024-02-22T03:12:31 EET" name="checkPerformance" finished-at="2024-02-22T03:12:31 EET" duration-ms="3" status="PASS">
          <params>
            <param index="0">
              <value>
                <![CDATA[[TestResult name=testLockedUserLogin status=SUCCESS method=LoginTests.testLockedUserLogin(java.lang.String)[pri:0, instance:login.LoginTests@4fb3ee4e] output={null}]]]>
              </value>
            </param>
            <param index="1">
              <value>
                <![CDATA[public void login.LoginTests.testLockedUserLogin(java.lang.String)]]>
              </value>
            </param>
          </params>
          <reporter-output>
          </reporter-output>
        </test-method> <!-- checkPerformance -->
        <test-method is-config="true" signature="testlogout()[pri:0, instance:login.LoginTests@4fb3ee4e]" started-at="2024-02-22T03:12:31 EET" name="testlogout" finished-at="2024-02-22T03:12:32 EET" duration-ms="616" status="PASS">
          <reporter-output>
          </reporter-output>
        </test-method> <!-- testlogout -->
        <test-method signature="testUserLogin(java.lang.String)[pri:0, instance:login.LoginTests@4fb3ee4e]" started-at="2024-02-22T03:12:32 EET" name="testUserLogin" data-provider="Users" finished-at="2024-02-22T03:12:32 EET" duration-ms="449" status="PASS">
          <params>
            <param index="0">
              <value>
                <![CDATA[standard_user]]>
              </value>
            </param>
          </params>
          <reporter-output>
          </reporter-output>
        </test-method> <!-- testUserLogin -->
        <test-method is-config="true" signature="checkPerformance(org.testng.ITestResult,java.lang.reflect.Method)[pri:0, instance:login.LoginTests@4fb3ee4e]" started-at="2024-02-22T03:12:32 EET" name="checkPerformance" finished-at="2024-02-22T03:12:32 EET" duration-ms="1" status="PASS">
          <params>
            <param index="0">
              <value>
                <![CDATA[[TestResult name=testUserLogin status=SUCCESS method=LoginTests.testUserLogin(java.lang.String)[pri:0, instance:login.LoginTests@4fb3ee4e] output={null}]]]>
              </value>
            </param>
            <param index="1">
              <value>
                <![CDATA[public void login.LoginTests.testUserLogin(java.lang.String) throws java.lang.InterruptedException]]>
              </value>
            </param>
          </params>
          <reporter-output>
          </reporter-output>
        </test-method> <!-- checkPerformance -->
        <test-method is-config="true" signature="testlogout()[pri:0, instance:login.LoginTests@4fb3ee4e]" started-at="2024-02-22T03:12:32 EET" name="testlogout" finished-at="2024-02-22T03:12:32 EET" duration-ms="66" status="PASS">
          <reporter-output>
          </reporter-output>
        </test-method> <!-- testlogout -->
        <test-method signature="testUserLogin(java.lang.String)[pri:0, instance:login.LoginTests@4fb3ee4e]" started-at="2024-02-22T03:12:32 EET" name="testUserLogin" data-provider="Users" finished-at="2024-02-22T03:12:33 EET" duration-ms="493" status="PASS">
          <params>
            <param index="0">
              <value>
                <![CDATA[visual_user]]>
              </value>
            </param>
          </params>
          <reporter-output>
          </reporter-output>
        </test-method> <!-- testUserLogin -->
        <test-method is-config="true" signature="testlogout()[pri:0, instance:login.LoginTests@4fb3ee4e]" started-at="2024-02-22T03:12:33 EET" name="testlogout" finished-at="2024-02-22T03:12:33 EET" duration-ms="51" status="PASS">
          <reporter-output>
          </reporter-output>
        </test-method> <!-- testlogout -->
        <test-method is-config="true" signature="checkPerformance(org.testng.ITestResult,java.lang.reflect.Method)[pri:0, instance:login.LoginTests@4fb3ee4e]" started-at="2024-02-22T03:12:33 EET" name="checkPerformance" finished-at="2024-02-22T03:12:33 EET" duration-ms="0" status="PASS">
          <params>
            <param index="0">
              <value>
                <![CDATA[[TestResult name=testUserLogin status=SUCCESS method=LoginTests.testUserLogin(java.lang.String)[pri:0, instance:login.LoginTests@4fb3ee4e] output={null}]]]>
              </value>
            </param>
            <param index="1">
              <value>
                <![CDATA[public void login.LoginTests.testUserLogin(java.lang.String) throws java.lang.InterruptedException]]>
              </value>
            </param>
          </params>
          <reporter-output>
          </reporter-output>
        </test-method> <!-- checkPerformance -->
        <test-method signature="testUserLogin(java.lang.String)[pri:0, instance:login.LoginTests@4fb3ee4e]" started-at="2024-02-22T03:12:33 EET" name="testUserLogin" data-provider="Users" finished-at="2024-02-22T03:12:33 EET" duration-ms="447" status="PASS">
          <params>
            <param index="0">
              <value>
                <![CDATA[problem_user]]>
              </value>
            </param>
          </params>
          <reporter-output>
          </reporter-output>
        </test-method> <!-- testUserLogin -->
        <test-method is-config="true" signature="testlogout()[pri:0, instance:login.LoginTests@4fb3ee4e]" started-at="2024-02-22T03:12:33 EET" name="testlogout" finished-at="2024-02-22T03:12:33 EET" duration-ms="57" status="PASS">
          <reporter-output>
          </reporter-output>
        </test-method> <!-- testlogout -->
        <test-method is-config="true" signature="checkPerformance(org.testng.ITestResult,java.lang.reflect.Method)[pri:0, instance:login.LoginTests@4fb3ee4e]" started-at="2024-02-22T03:12:33 EET" name="checkPerformance" finished-at="2024-02-22T03:12:33 EET" duration-ms="0" status="PASS">
          <params>
            <param index="0">
              <value>
                <![CDATA[[TestResult name=testUserLogin status=SUCCESS method=LoginTests.testUserLogin(java.lang.String)[pri:0, instance:login.LoginTests@4fb3ee4e] output={null}]]]>
              </value>
            </param>
            <param index="1">
              <value>
                <![CDATA[public void login.LoginTests.testUserLogin(java.lang.String) throws java.lang.InterruptedException]]>
              </value>
            </param>
          </params>
          <reporter-output>
          </reporter-output>
        </test-method> <!-- checkPerformance -->
        <test-method signature="testUserLogin(java.lang.String)[pri:0, instance:login.LoginTests@4fb3ee4e]" started-at="2024-02-22T03:12:33 EET" name="testUserLogin" data-provider="Users" finished-at="2024-02-22T03:12:34 EET" duration-ms="456" status="PASS">
          <params>
            <param index="0">
              <value>
                <![CDATA[error_user]]>
              </value>
            </param>
          </params>
          <reporter-output>
          </reporter-output>
        </test-method> <!-- testUserLogin -->
        <test-method is-config="true" signature="checkPerformance(org.testng.ITestResult,java.lang.reflect.Method)[pri:0, instance:login.LoginTests@4fb3ee4e]" started-at="2024-02-22T03:12:34 EET" name="checkPerformance" finished-at="2024-02-22T03:12:34 EET" duration-ms="0" status="PASS">
          <params>
            <param index="0">
              <value>
                <![CDATA[[TestResult name=testUserLogin status=SUCCESS method=LoginTests.testUserLogin(java.lang.String)[pri:0, instance:login.LoginTests@4fb3ee4e] output={null}]]]>
              </value>
            </param>
            <param index="1">
              <value>
                <![CDATA[public void login.LoginTests.testUserLogin(java.lang.String) throws java.lang.InterruptedException]]>
              </value>
            </param>
          </params>
          <reporter-output>
          </reporter-output>
        </test-method> <!-- checkPerformance -->
        <test-method is-config="true" signature="testlogout()[pri:0, instance:login.LoginTests@4fb3ee4e]" started-at="2024-02-22T03:12:34 EET" name="testlogout" finished-at="2024-02-22T03:12:34 EET" duration-ms="48" status="PASS">
          <reporter-output>
          </reporter-output>
        </test-method> <!-- testlogout -->
        <test-method signature="testUserLogin(java.lang.String)[pri:0, instance:login.LoginTests@4fb3ee4e]" started-at="2024-02-22T03:12:34 EET" name="testUserLogin" data-provider="Users" finished-at="2024-02-22T03:12:39 EET" duration-ms="5403" status="PASS">
          <params>
            <param index="0">
              <value>
                <![CDATA[performance_glitch_user]]>
              </value>
            </param>
          </params>
          <reporter-output>
          </reporter-output>
        </test-method> <!-- testUserLogin -->
        <test-method is-config="true" signature="checkPerformance(org.testng.ITestResult,java.lang.reflect.Method)[pri:0, instance:login.LoginTests@4fb3ee4e]" started-at="2024-02-22T03:12:39 EET" name="checkPerformance" finished-at="2024-02-22T03:12:39 EET" duration-ms="6" status="FAIL">
          <params>
            <param index="0">
              <value>
                <![CDATA[[TestResult name=testUserLogin status=SUCCESS method=LoginTests.testUserLogin(java.lang.String)[pri:0, instance:login.LoginTests@4fb3ee4e] output={null}]]]>
              </value>
            </param>
            <param index="1">
              <value>
                <![CDATA[public void login.LoginTests.testUserLogin(java.lang.String) throws java.lang.InterruptedException]]>
              </value>
            </param>
          </params>
          <exception class="java.lang.AssertionError">
            <message>
              <![CDATA[Time taken for testUserLogin to run test is: 5403 miliiseconds while expected time should be 2000 miliiseconds ]]>
            </message>
            <full-stacktrace>
              <![CDATA[java.lang.AssertionError: Time taken for testUserLogin to run test is: 5403 miliiseconds while expected time should be 2000 miliiseconds 
at login.LoginTests.checkPerformance(LoginTests.java:48)
at java.base/jdk.internal.reflect.NativeMethodAccessorImpl.invoke0(Native Method)
at java.base/jdk.internal.reflect.NativeMethodAccessorImpl.invoke(NativeMethodAccessorImpl.java:62)
at java.base/jdk.internal.reflect.DelegatingMethodAccessorImpl.invoke(DelegatingMethodAccessorImpl.java:43)
at java.base/java.lang.reflect.Method.invoke(Method.java:566)
at org.testng.internal.invokers.MethodInvocationHelper.invokeMethod(MethodInvocationHelper.java:139)
at org.testng.internal.invokers.MethodInvocationHelper.invokeMethodConsideringTimeout(MethodInvocationHelper.java:69)
at org.testng.internal.invokers.ConfigInvoker.invokeConfigurationMethod(ConfigInvoker.java:393)
at org.testng.internal.invokers.ConfigInvoker.invokeConfigurations(ConfigInvoker.java:326)
at org.testng.internal.invokers.TestInvoker.runConfigMethods(TestInvoker.java:810)
at org.testng.internal.invokers.TestInvoker.runAfterConfigurations(TestInvoker.java:779)
at org.testng.internal.invokers.TestInvoker.invokeMethod(TestInvoker.java:755)
at org.testng.internal.invokers.TestInvoker.invokeTestMethod(TestInvoker.java:228)
at org.testng.internal.invokers.MethodRunner.runInSequence(MethodRunner.java:63)
at org.testng.internal.invokers.TestInvoker$MethodInvocationAgent.invoke(TestInvoker.java:961)
at org.testng.internal.invokers.TestInvoker.invokeTestMethods(TestInvoker.java:201)
at org.testng.internal.invokers.TestMethodWorker.invokeTestMethods(TestMethodWorker.java:148)
at org.testng.internal.invokers.TestMethodWorker.run(TestMethodWorker.java:128)
at java.base/java.util.ArrayList.forEach(ArrayList.java:1541)
at org.testng.TestRunner.privateRun(TestRunner.java:819)
at org.testng.TestRunner.run(TestRunner.java:619)
at org.testng.SuiteRunner.runTest(SuiteRunner.java:443)
at org.testng.SuiteRunner.runSequentially(SuiteRunner.java:437)
at org.testng.SuiteRunner.privateRun(SuiteRunner.java:397)
at org.testng.SuiteRunner.run(SuiteRunner.java:336)
at org.testng.SuiteRunnerWorker.runSuite(SuiteRunnerWorker.java:52)
at org.testng.SuiteRunnerWorker.run(SuiteRunnerWorker.java:95)
at org.testng.TestNG.runSuitesSequentially(TestNG.java:1301)
at org.testng.TestNG.runSuitesLocally(TestNG.java:1228)
at org.testng.TestNG.runSuites(TestNG.java:1134)
at org.testng.TestNG.run(TestNG.java:1101)
at org.apache.maven.surefire.testng.TestNGExecutor.run(TestNGExecutor.java:155)
at org.apache.maven.surefire.testng.TestNGDirectoryTestSuite.executeMulti(TestNGDirectoryTestSuite.java:169)
at org.apache.maven.surefire.testng.TestNGDirectoryTestSuite.execute(TestNGDirectoryTestSuite.java:88)
at org.apache.maven.surefire.testng.TestNGProvider.invoke(TestNGProvider.java:137)
at org.apache.maven.surefire.booter.ForkedBooter.runSuitesInProcess(ForkedBooter.java:385)
at org.apache.maven.surefire.booter.ForkedBooter.execute(ForkedBooter.java:162)
at org.apache.maven.surefire.booter.ForkedBooter.run(ForkedBooter.java:507)
at org.apache.maven.surefire.booter.ForkedBooter.main(ForkedBooter.java:495)
]]>
            </full-stacktrace>
          </exception> <!-- java.lang.AssertionError -->
          <reporter-output>
          </reporter-output>
        </test-method> <!-- checkPerformance -->
        <test-method is-config="true" signature="tearDown()[pri:0, instance:login.LoginTests@4fb3ee4e]" started-at="2024-02-22T03:12:39 EET" name="tearDown" finished-at="2024-02-22T03:12:39 EET" duration-ms="0" status="SKIP">
          <reporter-output>
          </reporter-output>
        </test-method> <!-- tearDown -->
      </class> <!-- login.LoginTests -->
      <class name="api.GetProductsTests">
        <test-method is-config="true" signature="setUp()[pri:0, instance:api.GetProductsTests@6cd28fa7]" started-at="2024-02-22T03:11:36 EET" name="setUp" finished-at="2024-02-22T03:11:36 EET" duration-ms="24" status="PASS">
          <reporter-output>
          </reporter-output>
        </test-method> <!-- setUp -->
        <test-method signature="request_Product_Page_Size(java.lang.String,java.lang.String)[pri:0, instance:api.GetProductsTests@6cd28fa7]" started-at="2024-02-22T03:11:36 EET" name="request_Product_Page_Size" data-provider="ProductFilters" finished-at="2024-02-22T03:11:39 EET" duration-ms="3303" status="PASS">
          <params>
            <param index="0">
              <value>
                <![CDATA[2]]>
              </value>
            </param>
            <param index="1">
              <value>
                <![CDATA[2]]>
              </value>
            </param>
          </params>
          <reporter-output>
          </reporter-output>
        </test-method> <!-- request_Product_Page_Size -->
        <test-method signature="request_Product_Page_Size(java.lang.String,java.lang.String)[pri:0, instance:api.GetProductsTests@6cd28fa7]" started-at="2024-02-22T03:11:39 EET" name="request_Product_Page_Size" data-provider="ProductFilters" finished-at="2024-02-22T03:11:40 EET" duration-ms="1014" status="PASS">
          <params>
            <param index="0">
              <value>
                <![CDATA[2]]>
              </value>
            </param>
            <param index="1">
              <value>
                <![CDATA[3]]>
              </value>
            </param>
          </params>
          <reporter-output>
          </reporter-output>
        </test-method> <!-- request_Product_Page_Size -->
        <test-method signature="request_Product_Page_Size(java.lang.String,java.lang.String)[pri:0, instance:api.GetProductsTests@6cd28fa7]" started-at="2024-02-22T03:11:40 EET" name="request_Product_Page_Size" data-provider="ProductFilters" finished-at="2024-02-22T03:11:41 EET" duration-ms="986" status="PASS">
          <params>
            <param index="0">
              <value>
                <![CDATA[3]]>
              </value>
            </param>
            <param index="1">
              <value>
                <![CDATA[2]]>
              </value>
            </param>
          </params>
          <reporter-output>
          </reporter-output>
        </test-method> <!-- request_Product_Page_Size -->
        <test-method signature="request_Product_Page_Size(java.lang.String,java.lang.String)[pri:0, instance:api.GetProductsTests@6cd28fa7]" started-at="2024-02-22T03:11:41 EET" name="request_Product_Page_Size" data-provider="ProductFilters" finished-at="2024-02-22T03:12:07 EET" duration-ms="26124" status="FAIL">
          <params>
            <param index="0">
              <value>
                <![CDATA[1]]>
              </value>
            </param>
            <param index="1">
              <value>
                <![CDATA[469695]]>
              </value>
            </param>
          </params>
          <exception class="java.lang.AssertionError">
            <message>
              <![CDATA[Status code is not correct 502 io.restassured.internal.RestAssuredResponseImpl@4860827a]]>
            </message>
            <full-stacktrace>
              <![CDATA[java.lang.AssertionError: Status code is not correct 502 io.restassured.internal.RestAssuredResponseImpl@4860827a
at api.GetProductsTests.request_Product_Page_Size(GetProductsTests.java:40)
at java.base/jdk.internal.reflect.NativeMethodAccessorImpl.invoke0(Native Method)
at java.base/jdk.internal.reflect.NativeMethodAccessorImpl.invoke(NativeMethodAccessorImpl.java:62)
at java.base/jdk.internal.reflect.DelegatingMethodAccessorImpl.invoke(DelegatingMethodAccessorImpl.java:43)
at java.base/java.lang.reflect.Method.invoke(Method.java:566)
at org.testng.internal.invokers.MethodInvocationHelper.invokeMethod(MethodInvocationHelper.java:139)
at org.testng.internal.invokers.TestInvoker.invokeMethod(TestInvoker.java:664)
at org.testng.internal.invokers.TestInvoker.invokeTestMethod(TestInvoker.java:228)
at org.testng.internal.invokers.MethodRunner.runInSequence(MethodRunner.java:63)
at org.testng.internal.invokers.TestInvoker$MethodInvocationAgent.invoke(TestInvoker.java:961)
at org.testng.internal.invokers.TestInvoker.invokeTestMethods(TestInvoker.java:201)
at org.testng.internal.invokers.TestMethodWorker.invokeTestMethods(TestMethodWorker.java:148)
at org.testng.internal.invokers.TestMethodWorker.run(TestMethodWorker.java:128)
at java.base/java.util.ArrayList.forEach(ArrayList.java:1541)
at org.testng.TestRunner.privateRun(TestRunner.java:819)
at org.testng.TestRunner.run(TestRunner.java:619)
at org.testng.SuiteRunner.runTest(SuiteRunner.java:443)
at org.testng.SuiteRunner.runSequentially(SuiteRunner.java:437)
at org.testng.SuiteRunner.privateRun(SuiteRunner.java:397)
at org.testng.SuiteRunner.run(SuiteRunner.java:336)
at org.testng.SuiteRunnerWorker.runSuite(SuiteRunnerWorker.java:52)
at org.testng.SuiteRunnerWorker.run(SuiteRunnerWorker.java:95)
at org.testng.TestNG.runSuitesSequentially(TestNG.java:1301)
at org.testng.TestNG.runSuitesLocally(TestNG.java:1228)
at org.testng.TestNG.runSuites(TestNG.java:1134)
at org.testng.TestNG.run(TestNG.java:1101)
at org.apache.maven.surefire.testng.TestNGExecutor.run(TestNGExecutor.java:155)
at org.apache.maven.surefire.testng.TestNGDirectoryTestSuite.executeMulti(TestNGDirectoryTestSuite.java:169)
at org.apache.maven.surefire.testng.TestNGDirectoryTestSuite.execute(TestNGDirectoryTestSuite.java:88)
at org.apache.maven.surefire.testng.TestNGProvider.invoke(TestNGProvider.java:137)
at org.apache.maven.surefire.booter.ForkedBooter.runSuitesInProcess(ForkedBooter.java:385)
at org.apache.maven.surefire.booter.ForkedBooter.execute(ForkedBooter.java:162)
at org.apache.maven.surefire.booter.ForkedBooter.run(ForkedBooter.java:507)
at org.apache.maven.surefire.booter.ForkedBooter.main(ForkedBooter.java:495)
]]>
            </full-stacktrace>
          </exception> <!-- java.lang.AssertionError -->
          <reporter-output>
          </reporter-output>
        </test-method> <!-- request_Product_Page_Size -->
      </class> <!-- api.GetProductsTests -->
      <class name="inventory.InventoryTests">
        <test-method is-config="true" signature="setUp()[pri:0, instance:inventory.InventoryTests@f5acb9d]" started-at="2024-02-22T03:12:07 EET" name="setUp" finished-at="2024-02-22T03:12:13 EET" duration-ms="5722" status="PASS">
          <reporter-output>
          </reporter-output>
        </test-method> <!-- setUp -->
        <test-method signature="testUserIsAbleToClickAddToCard(java.lang.String,java.lang.String)[pri:1, instance:inventory.InventoryTests@f5acb9d]" started-at="2024-02-22T03:12:13 EET" name="testUserIsAbleToClickAddToCard" data-provider="InventorySession" finished-at="2024-02-22T03:12:14 EET" duration-ms="1202" status="PASS">
          <params>
            <param index="0">
              <value>
                <![CDATA[session-username]]>
              </value>
            </param>
            <param index="1">
              <value>
                <![CDATA[standard_user]]>
              </value>
            </param>
          </params>
          <reporter-output>
          </reporter-output>
        </test-method> <!-- testUserIsAbleToClickAddToCard -->
        <test-method signature="testUserIsAbleToClickAddToCard(java.lang.String,java.lang.String)[pri:1, instance:inventory.InventoryTests@f5acb9d]" started-at="2024-02-22T03:12:14 EET" name="testUserIsAbleToClickAddToCard" data-provider="InventorySession" finished-at="2024-02-22T03:12:15 EET" duration-ms="1124" status="PASS">
          <params>
            <param index="0">
              <value>
                <![CDATA[session-username]]>
              </value>
            </param>
            <param index="1">
              <value>
                <![CDATA[visual_user]]>
              </value>
            </param>
          </params>
          <reporter-output>
          </reporter-output>
        </test-method> <!-- testUserIsAbleToClickAddToCard -->
        <test-method signature="testUserIsAbleToClickAddToCard(java.lang.String,java.lang.String)[pri:1, instance:inventory.InventoryTests@f5acb9d]" started-at="2024-02-22T03:12:15 EET" name="testUserIsAbleToClickAddToCard" data-provider="InventorySession" finished-at="2024-02-22T03:12:16 EET" duration-ms="551" status="FAIL">
          <params>
            <param index="0">
              <value>
                <![CDATA[session-username]]>
              </value>
            </param>
            <param index="1">
              <value>
                <![CDATA[problem_user]]>
              </value>
            </param>
          </params>
          <exception class="java.lang.AssertionError">
            <message>
              <![CDATA[Add/Remove Button is not working]]>
            </message>
            <full-stacktrace>
              <![CDATA[java.lang.AssertionError: Add/Remove Button is not working
at inventory.InventoryTests.testUserIsAbleToClickAddToCard(InventoryTests.java:21)
at java.base/jdk.internal.reflect.NativeMethodAccessorImpl.invoke0(Native Method)
at java.base/jdk.internal.reflect.NativeMethodAccessorImpl.invoke(NativeMethodAccessorImpl.java:62)
at java.base/jdk.internal.reflect.DelegatingMethodAccessorImpl.invoke(DelegatingMethodAccessorImpl.java:43)
at java.base/java.lang.reflect.Method.invoke(Method.java:566)
at org.testng.internal.invokers.MethodInvocationHelper.invokeMethod(MethodInvocationHelper.java:139)
at org.testng.internal.invokers.TestInvoker.invokeMethod(TestInvoker.java:664)
at org.testng.internal.invokers.TestInvoker.invokeTestMethod(TestInvoker.java:228)
at org.testng.internal.invokers.MethodRunner.runInSequence(MethodRunner.java:63)
at org.testng.internal.invokers.TestInvoker$MethodInvocationAgent.invoke(TestInvoker.java:961)
at org.testng.internal.invokers.TestInvoker.invokeTestMethods(TestInvoker.java:201)
at org.testng.internal.invokers.TestMethodWorker.invokeTestMethods(TestMethodWorker.java:148)
at org.testng.internal.invokers.TestMethodWorker.run(TestMethodWorker.java:128)
at java.base/java.util.ArrayList.forEach(ArrayList.java:1541)
at org.testng.TestRunner.privateRun(TestRunner.java:819)
at org.testng.TestRunner.run(TestRunner.java:619)
at org.testng.SuiteRunner.runTest(SuiteRunner.java:443)
at org.testng.SuiteRunner.runSequentially(SuiteRunner.java:437)
at org.testng.SuiteRunner.privateRun(SuiteRunner.java:397)
at org.testng.SuiteRunner.run(SuiteRunner.java:336)
at org.testng.SuiteRunnerWorker.runSuite(SuiteRunnerWorker.java:52)
at org.testng.SuiteRunnerWorker.run(SuiteRunnerWorker.java:95)
at org.testng.TestNG.runSuitesSequentially(TestNG.java:1301)
at org.testng.TestNG.runSuitesLocally(TestNG.java:1228)
at org.testng.TestNG.runSuites(TestNG.java:1134)
at org.testng.TestNG.run(TestNG.java:1101)
at org.apache.maven.surefire.testng.TestNGExecutor.run(TestNGExecutor.java:155)
at org.apache.maven.surefire.testng.TestNGDirectoryTestSuite.executeMulti(TestNGDirectoryTestSuite.java:169)
at org.apache.maven.surefire.testng.TestNGDirectoryTestSuite.execute(TestNGDirectoryTestSuite.java:88)
at org.apache.maven.surefire.testng.TestNGProvider.invoke(TestNGProvider.java:137)
at org.apache.maven.surefire.booter.ForkedBooter.runSuitesInProcess(ForkedBooter.java:385)
at org.apache.maven.surefire.booter.ForkedBooter.execute(ForkedBooter.java:162)
at org.apache.maven.surefire.booter.ForkedBooter.run(ForkedBooter.java:507)
at org.apache.maven.surefire.booter.ForkedBooter.main(ForkedBooter.java:495)
]]>
            </full-stacktrace>
          </exception> <!-- java.lang.AssertionError -->
          <reporter-output>
          </reporter-output>
        </test-method> <!-- testUserIsAbleToClickAddToCard -->
        <test-method signature="testUserIsAbleToClickAddToCard(java.lang.String,java.lang.String)[pri:1, instance:inventory.InventoryTests@f5acb9d]" started-at="2024-02-22T03:12:16 EET" name="testUserIsAbleToClickAddToCard" data-provider="InventorySession" finished-at="2024-02-22T03:12:16 EET" duration-ms="440" status="FAIL">
          <params>
            <param index="0">
              <value>
                <![CDATA[session-username]]>
              </value>
            </param>
            <param index="1">
              <value>
                <![CDATA[error_user]]>
              </value>
            </param>
          </params>
          <exception class="java.lang.AssertionError">
            <message>
              <![CDATA[Add/Remove Button is not working]]>
            </message>
            <full-stacktrace>
              <![CDATA[java.lang.AssertionError: Add/Remove Button is not working
at inventory.InventoryTests.testUserIsAbleToClickAddToCard(InventoryTests.java:21)
at java.base/jdk.internal.reflect.NativeMethodAccessorImpl.invoke0(Native Method)
at java.base/jdk.internal.reflect.NativeMethodAccessorImpl.invoke(NativeMethodAccessorImpl.java:62)
at java.base/jdk.internal.reflect.DelegatingMethodAccessorImpl.invoke(DelegatingMethodAccessorImpl.java:43)
at java.base/java.lang.reflect.Method.invoke(Method.java:566)
at org.testng.internal.invokers.MethodInvocationHelper.invokeMethod(MethodInvocationHelper.java:139)
at org.testng.internal.invokers.TestInvoker.invokeMethod(TestInvoker.java:664)
at org.testng.internal.invokers.TestInvoker.invokeTestMethod(TestInvoker.java:228)
at org.testng.internal.invokers.MethodRunner.runInSequence(MethodRunner.java:63)
at org.testng.internal.invokers.TestInvoker$MethodInvocationAgent.invoke(TestInvoker.java:961)
at org.testng.internal.invokers.TestInvoker.invokeTestMethods(TestInvoker.java:201)
at org.testng.internal.invokers.TestMethodWorker.invokeTestMethods(TestMethodWorker.java:148)
at org.testng.internal.invokers.TestMethodWorker.run(TestMethodWorker.java:128)
at java.base/java.util.ArrayList.forEach(ArrayList.java:1541)
at org.testng.TestRunner.privateRun(TestRunner.java:819)
at org.testng.TestRunner.run(TestRunner.java:619)
at org.testng.SuiteRunner.runTest(SuiteRunner.java:443)
at org.testng.SuiteRunner.runSequentially(SuiteRunner.java:437)
at org.testng.SuiteRunner.privateRun(SuiteRunner.java:397)
at org.testng.SuiteRunner.run(SuiteRunner.java:336)
at org.testng.SuiteRunnerWorker.runSuite(SuiteRunnerWorker.java:52)
at org.testng.SuiteRunnerWorker.run(SuiteRunnerWorker.java:95)
at org.testng.TestNG.runSuitesSequentially(TestNG.java:1301)
at org.testng.TestNG.runSuitesLocally(TestNG.java:1228)
at org.testng.TestNG.runSuites(TestNG.java:1134)
at org.testng.TestNG.run(TestNG.java:1101)
at org.apache.maven.surefire.testng.TestNGExecutor.run(TestNGExecutor.java:155)
at org.apache.maven.surefire.testng.TestNGDirectoryTestSuite.executeMulti(TestNGDirectoryTestSuite.java:169)
at org.apache.maven.surefire.testng.TestNGDirectoryTestSuite.execute(TestNGDirectoryTestSuite.java:88)
at org.apache.maven.surefire.testng.TestNGProvider.invoke(TestNGProvider.java:137)
at org.apache.maven.surefire.booter.ForkedBooter.runSuitesInProcess(ForkedBooter.java:385)
at org.apache.maven.surefire.booter.ForkedBooter.execute(ForkedBooter.java:162)
at org.apache.maven.surefire.booter.ForkedBooter.run(ForkedBooter.java:507)
at org.apache.maven.surefire.booter.ForkedBooter.main(ForkedBooter.java:495)
]]>
            </full-stacktrace>
          </exception> <!-- java.lang.AssertionError -->
          <reporter-output>
          </reporter-output>
        </test-method> <!-- testUserIsAbleToClickAddToCard -->
        <test-method signature="testItemAddedFromCartContainer(java.lang.String,java.lang.String)[pri:2, instance:inventory.InventoryTests@f5acb9d]" started-at="2024-02-22T03:12:16 EET" name="testItemAddedFromCartContainer" data-provider="InventorySession" finished-at="2024-02-22T03:12:17 EET" duration-ms="444" status="PASS">
          <params>
            <param index="0">
              <value>
                <![CDATA[session-username]]>
              </value>
            </param>
            <param index="1">
              <value>
                <![CDATA[standard_user]]>
              </value>
            </param>
          </params>
          <reporter-output>
          </reporter-output>
        </test-method> <!-- testItemAddedFromCartContainer -->
        <test-method signature="testItemAddedFromCartContainer(java.lang.String,java.lang.String)[pri:2, instance:inventory.InventoryTests@f5acb9d]" started-at="2024-02-22T03:12:17 EET" name="testItemAddedFromCartContainer" data-provider="InventorySession" finished-at="2024-02-22T03:12:17 EET" duration-ms="395" status="PASS">
          <params>
            <param index="0">
              <value>
                <![CDATA[session-username]]>
              </value>
            </param>
            <param index="1">
              <value>
                <![CDATA[visual_user]]>
              </value>
            </param>
          </params>
          <reporter-output>
          </reporter-output>
        </test-method> <!-- testItemAddedFromCartContainer -->
        <test-method signature="testItemAddedFromCartContainer(java.lang.String,java.lang.String)[pri:2, instance:inventory.InventoryTests@f5acb9d]" started-at="2024-02-22T03:12:17 EET" name="testItemAddedFromCartContainer" data-provider="InventorySession" finished-at="2024-02-22T03:12:17 EET" duration-ms="348" status="PASS">
          <params>
            <param index="0">
              <value>
                <![CDATA[session-username]]>
              </value>
            </param>
            <param index="1">
              <value>
                <![CDATA[problem_user]]>
              </value>
            </param>
          </params>
          <reporter-output>
          </reporter-output>
        </test-method> <!-- testItemAddedFromCartContainer -->
        <test-method signature="testItemAddedFromCartContainer(java.lang.String,java.lang.String)[pri:2, instance:inventory.InventoryTests@f5acb9d]" started-at="2024-02-22T03:12:17 EET" name="testItemAddedFromCartContainer" data-provider="InventorySession" finished-at="2024-02-22T03:12:18 EET" duration-ms="373" status="PASS">
          <params>
            <param index="0">
              <value>
                <![CDATA[session-username]]>
              </value>
            </param>
            <param index="1">
              <value>
                <![CDATA[error_user]]>
              </value>
            </param>
          </params>
          <reporter-output>
          </reporter-output>
        </test-method> <!-- testItemAddedFromCartContainer -->
        <test-method signature="testResetApp(java.lang.String,java.lang.String)[pri:3, instance:inventory.InventoryTests@f5acb9d]" started-at="2024-02-22T03:12:18 EET" name="testResetApp" data-provider="InventorySession" finished-at="2024-02-22T03:12:18 EET" duration-ms="621" status="FAIL">
          <params>
            <param index="0">
              <value>
                <![CDATA[session-username]]>
              </value>
            </param>
            <param index="1">
              <value>
                <![CDATA[standard_user]]>
              </value>
            </param>
          </params>
          <exception class="java.lang.AssertionError">
            <message>
              <![CDATA[App is not reset to its original state]]>
            </message>
            <full-stacktrace>
              <![CDATA[java.lang.AssertionError: App is not reset to its original state
at inventory.InventoryTests.testResetApp(InventoryTests.java:51)
at java.base/jdk.internal.reflect.NativeMethodAccessorImpl.invoke0(Native Method)
at java.base/jdk.internal.reflect.NativeMethodAccessorImpl.invoke(NativeMethodAccessorImpl.java:62)
at java.base/jdk.internal.reflect.DelegatingMethodAccessorImpl.invoke(DelegatingMethodAccessorImpl.java:43)
at java.base/java.lang.reflect.Method.invoke(Method.java:566)
at org.testng.internal.invokers.MethodInvocationHelper.invokeMethod(MethodInvocationHelper.java:139)
at org.testng.internal.invokers.TestInvoker.invokeMethod(TestInvoker.java:664)
at org.testng.internal.invokers.TestInvoker.invokeTestMethod(TestInvoker.java:228)
at org.testng.internal.invokers.MethodRunner.runInSequence(MethodRunner.java:63)
at org.testng.internal.invokers.TestInvoker$MethodInvocationAgent.invoke(TestInvoker.java:961)
at org.testng.internal.invokers.TestInvoker.invokeTestMethods(TestInvoker.java:201)
at org.testng.internal.invokers.TestMethodWorker.invokeTestMethods(TestMethodWorker.java:148)
at org.testng.internal.invokers.TestMethodWorker.run(TestMethodWorker.java:128)
at java.base/java.util.ArrayList.forEach(ArrayList.java:1541)
at org.testng.TestRunner.privateRun(TestRunner.java:819)
at org.testng.TestRunner.run(TestRunner.java:619)
at org.testng.SuiteRunner.runTest(SuiteRunner.java:443)
at org.testng.SuiteRunner.runSequentially(SuiteRunner.java:437)
at org.testng.SuiteRunner.privateRun(SuiteRunner.java:397)
at org.testng.SuiteRunner.run(SuiteRunner.java:336)
at org.testng.SuiteRunnerWorker.runSuite(SuiteRunnerWorker.java:52)
at org.testng.SuiteRunnerWorker.run(SuiteRunnerWorker.java:95)
at org.testng.TestNG.runSuitesSequentially(TestNG.java:1301)
at org.testng.TestNG.runSuitesLocally(TestNG.java:1228)
at org.testng.TestNG.runSuites(TestNG.java:1134)
at org.testng.TestNG.run(TestNG.java:1101)
at org.apache.maven.surefire.testng.TestNGExecutor.run(TestNGExecutor.java:155)
at org.apache.maven.surefire.testng.TestNGDirectoryTestSuite.executeMulti(TestNGDirectoryTestSuite.java:169)
at org.apache.maven.surefire.testng.TestNGDirectoryTestSuite.execute(TestNGDirectoryTestSuite.java:88)
at org.apache.maven.surefire.testng.TestNGProvider.invoke(TestNGProvider.java:137)
at org.apache.maven.surefire.booter.ForkedBooter.runSuitesInProcess(ForkedBooter.java:385)
at org.apache.maven.surefire.booter.ForkedBooter.execute(ForkedBooter.java:162)
at org.apache.maven.surefire.booter.ForkedBooter.run(ForkedBooter.java:507)
at org.apache.maven.surefire.booter.ForkedBooter.main(ForkedBooter.java:495)
]]>
            </full-stacktrace>
          </exception> <!-- java.lang.AssertionError -->
          <reporter-output>
          </reporter-output>
        </test-method> <!-- testResetApp -->
        <test-method signature="testResetApp(java.lang.String,java.lang.String)[pri:3, instance:inventory.InventoryTests@f5acb9d]" started-at="2024-02-22T03:12:18 EET" name="testResetApp" data-provider="InventorySession" finished-at="2024-02-22T03:12:19 EET" duration-ms="581" status="FAIL">
          <params>
            <param index="0">
              <value>
                <![CDATA[session-username]]>
              </value>
            </param>
            <param index="1">
              <value>
                <![CDATA[visual_user]]>
              </value>
            </param>
          </params>
          <exception class="java.lang.AssertionError">
            <message>
              <![CDATA[App is not reset to its original state]]>
            </message>
            <full-stacktrace>
              <![CDATA[java.lang.AssertionError: App is not reset to its original state
at inventory.InventoryTests.testResetApp(InventoryTests.java:51)
at java.base/jdk.internal.reflect.NativeMethodAccessorImpl.invoke0(Native Method)
at java.base/jdk.internal.reflect.NativeMethodAccessorImpl.invoke(NativeMethodAccessorImpl.java:62)
at java.base/jdk.internal.reflect.DelegatingMethodAccessorImpl.invoke(DelegatingMethodAccessorImpl.java:43)
at java.base/java.lang.reflect.Method.invoke(Method.java:566)
at org.testng.internal.invokers.MethodInvocationHelper.invokeMethod(MethodInvocationHelper.java:139)
at org.testng.internal.invokers.TestInvoker.invokeMethod(TestInvoker.java:664)
at org.testng.internal.invokers.TestInvoker.invokeTestMethod(TestInvoker.java:228)
at org.testng.internal.invokers.MethodRunner.runInSequence(MethodRunner.java:63)
at org.testng.internal.invokers.TestInvoker$MethodInvocationAgent.invoke(TestInvoker.java:961)
at org.testng.internal.invokers.TestInvoker.invokeTestMethods(TestInvoker.java:201)
at org.testng.internal.invokers.TestMethodWorker.invokeTestMethods(TestMethodWorker.java:148)
at org.testng.internal.invokers.TestMethodWorker.run(TestMethodWorker.java:128)
at java.base/java.util.ArrayList.forEach(ArrayList.java:1541)
at org.testng.TestRunner.privateRun(TestRunner.java:819)
at org.testng.TestRunner.run(TestRunner.java:619)
at org.testng.SuiteRunner.runTest(SuiteRunner.java:443)
at org.testng.SuiteRunner.runSequentially(SuiteRunner.java:437)
at org.testng.SuiteRunner.privateRun(SuiteRunner.java:397)
at org.testng.SuiteRunner.run(SuiteRunner.java:336)
at org.testng.SuiteRunnerWorker.runSuite(SuiteRunnerWorker.java:52)
at org.testng.SuiteRunnerWorker.run(SuiteRunnerWorker.java:95)
at org.testng.TestNG.runSuitesSequentially(TestNG.java:1301)
at org.testng.TestNG.runSuitesLocally(TestNG.java:1228)
at org.testng.TestNG.runSuites(TestNG.java:1134)
at org.testng.TestNG.run(TestNG.java:1101)
at org.apache.maven.surefire.testng.TestNGExecutor.run(TestNGExecutor.java:155)
at org.apache.maven.surefire.testng.TestNGDirectoryTestSuite.executeMulti(TestNGDirectoryTestSuite.java:169)
at org.apache.maven.surefire.testng.TestNGDirectoryTestSuite.execute(TestNGDirectoryTestSuite.java:88)
at org.apache.maven.surefire.testng.TestNGProvider.invoke(TestNGProvider.java:137)
at org.apache.maven.surefire.booter.ForkedBooter.runSuitesInProcess(ForkedBooter.java:385)
at org.apache.maven.surefire.booter.ForkedBooter.execute(ForkedBooter.java:162)
at org.apache.maven.surefire.booter.ForkedBooter.run(ForkedBooter.java:507)
at org.apache.maven.surefire.booter.ForkedBooter.main(ForkedBooter.java:495)
]]>
            </full-stacktrace>
          </exception> <!-- java.lang.AssertionError -->
          <reporter-output>
          </reporter-output>
        </test-method> <!-- testResetApp -->
        <test-method signature="testResetApp(java.lang.String,java.lang.String)[pri:3, instance:inventory.InventoryTests@f5acb9d]" started-at="2024-02-22T03:12:19 EET" name="testResetApp" data-provider="InventorySession" finished-at="2024-02-22T03:12:20 EET" duration-ms="625" status="FAIL">
          <params>
            <param index="0">
              <value>
                <![CDATA[session-username]]>
              </value>
            </param>
            <param index="1">
              <value>
                <![CDATA[problem_user]]>
              </value>
            </param>
          </params>
          <exception class="java.lang.AssertionError">
            <message>
              <![CDATA[App is not reset to its original state]]>
            </message>
            <full-stacktrace>
              <![CDATA[java.lang.AssertionError: App is not reset to its original state
at inventory.InventoryTests.testResetApp(InventoryTests.java:51)
at java.base/jdk.internal.reflect.NativeMethodAccessorImpl.invoke0(Native Method)
at java.base/jdk.internal.reflect.NativeMethodAccessorImpl.invoke(NativeMethodAccessorImpl.java:62)
at java.base/jdk.internal.reflect.DelegatingMethodAccessorImpl.invoke(DelegatingMethodAccessorImpl.java:43)
at java.base/java.lang.reflect.Method.invoke(Method.java:566)
at org.testng.internal.invokers.MethodInvocationHelper.invokeMethod(MethodInvocationHelper.java:139)
at org.testng.internal.invokers.TestInvoker.invokeMethod(TestInvoker.java:664)
at org.testng.internal.invokers.TestInvoker.invokeTestMethod(TestInvoker.java:228)
at org.testng.internal.invokers.MethodRunner.runInSequence(MethodRunner.java:63)
at org.testng.internal.invokers.TestInvoker$MethodInvocationAgent.invoke(TestInvoker.java:961)
at org.testng.internal.invokers.TestInvoker.invokeTestMethods(TestInvoker.java:201)
at org.testng.internal.invokers.TestMethodWorker.invokeTestMethods(TestMethodWorker.java:148)
at org.testng.internal.invokers.TestMethodWorker.run(TestMethodWorker.java:128)
at java.base/java.util.ArrayList.forEach(ArrayList.java:1541)
at org.testng.TestRunner.privateRun(TestRunner.java:819)
at org.testng.TestRunner.run(TestRunner.java:619)
at org.testng.SuiteRunner.runTest(SuiteRunner.java:443)
at org.testng.SuiteRunner.runSequentially(SuiteRunner.java:437)
at org.testng.SuiteRunner.privateRun(SuiteRunner.java:397)
at org.testng.SuiteRunner.run(SuiteRunner.java:336)
at org.testng.SuiteRunnerWorker.runSuite(SuiteRunnerWorker.java:52)
at org.testng.SuiteRunnerWorker.run(SuiteRunnerWorker.java:95)
at org.testng.TestNG.runSuitesSequentially(TestNG.java:1301)
at org.testng.TestNG.runSuitesLocally(TestNG.java:1228)
at org.testng.TestNG.runSuites(TestNG.java:1134)
at org.testng.TestNG.run(TestNG.java:1101)
at org.apache.maven.surefire.testng.TestNGExecutor.run(TestNGExecutor.java:155)
at org.apache.maven.surefire.testng.TestNGDirectoryTestSuite.executeMulti(TestNGDirectoryTestSuite.java:169)
at org.apache.maven.surefire.testng.TestNGDirectoryTestSuite.execute(TestNGDirectoryTestSuite.java:88)
at org.apache.maven.surefire.testng.TestNGProvider.invoke(TestNGProvider.java:137)
at org.apache.maven.surefire.booter.ForkedBooter.runSuitesInProcess(ForkedBooter.java:385)
at org.apache.maven.surefire.booter.ForkedBooter.execute(ForkedBooter.java:162)
at org.apache.maven.surefire.booter.ForkedBooter.run(ForkedBooter.java:507)
at org.apache.maven.surefire.booter.ForkedBooter.main(ForkedBooter.java:495)
]]>
            </full-stacktrace>
          </exception> <!-- java.lang.AssertionError -->
          <reporter-output>
          </reporter-output>
        </test-method> <!-- testResetApp -->
        <test-method signature="testResetApp(java.lang.String,java.lang.String)[pri:3, instance:inventory.InventoryTests@f5acb9d]" started-at="2024-02-22T03:12:20 EET" name="testResetApp" data-provider="InventorySession" finished-at="2024-02-22T03:12:20 EET" duration-ms="596" status="FAIL">
          <params>
            <param index="0">
              <value>
                <![CDATA[session-username]]>
              </value>
            </param>
            <param index="1">
              <value>
                <![CDATA[error_user]]>
              </value>
            </param>
          </params>
          <exception class="java.lang.AssertionError">
            <message>
              <![CDATA[App is not reset to its original state]]>
            </message>
            <full-stacktrace>
              <![CDATA[java.lang.AssertionError: App is not reset to its original state
at inventory.InventoryTests.testResetApp(InventoryTests.java:51)
at java.base/jdk.internal.reflect.NativeMethodAccessorImpl.invoke0(Native Method)
at java.base/jdk.internal.reflect.NativeMethodAccessorImpl.invoke(NativeMethodAccessorImpl.java:62)
at java.base/jdk.internal.reflect.DelegatingMethodAccessorImpl.invoke(DelegatingMethodAccessorImpl.java:43)
at java.base/java.lang.reflect.Method.invoke(Method.java:566)
at org.testng.internal.invokers.MethodInvocationHelper.invokeMethod(MethodInvocationHelper.java:139)
at org.testng.internal.invokers.TestInvoker.invokeMethod(TestInvoker.java:664)
at org.testng.internal.invokers.TestInvoker.invokeTestMethod(TestInvoker.java:228)
at org.testng.internal.invokers.MethodRunner.runInSequence(MethodRunner.java:63)
at org.testng.internal.invokers.TestInvoker$MethodInvocationAgent.invoke(TestInvoker.java:961)
at org.testng.internal.invokers.TestInvoker.invokeTestMethods(TestInvoker.java:201)
at org.testng.internal.invokers.TestMethodWorker.invokeTestMethods(TestMethodWorker.java:148)
at org.testng.internal.invokers.TestMethodWorker.run(TestMethodWorker.java:128)
at java.base/java.util.ArrayList.forEach(ArrayList.java:1541)
at org.testng.TestRunner.privateRun(TestRunner.java:819)
at org.testng.TestRunner.run(TestRunner.java:619)
at org.testng.SuiteRunner.runTest(SuiteRunner.java:443)
at org.testng.SuiteRunner.runSequentially(SuiteRunner.java:437)
at org.testng.SuiteRunner.privateRun(SuiteRunner.java:397)
at org.testng.SuiteRunner.run(SuiteRunner.java:336)
at org.testng.SuiteRunnerWorker.runSuite(SuiteRunnerWorker.java:52)
at org.testng.SuiteRunnerWorker.run(SuiteRunnerWorker.java:95)
at org.testng.TestNG.runSuitesSequentially(TestNG.java:1301)
at org.testng.TestNG.runSuitesLocally(TestNG.java:1228)
at org.testng.TestNG.runSuites(TestNG.java:1134)
at org.testng.TestNG.run(TestNG.java:1101)
at org.apache.maven.surefire.testng.TestNGExecutor.run(TestNGExecutor.java:155)
at org.apache.maven.surefire.testng.TestNGDirectoryTestSuite.executeMulti(TestNGDirectoryTestSuite.java:169)
at org.apache.maven.surefire.testng.TestNGDirectoryTestSuite.execute(TestNGDirectoryTestSuite.java:88)
at org.apache.maven.surefire.testng.TestNGProvider.invoke(TestNGProvider.java:137)
at org.apache.maven.surefire.booter.ForkedBooter.runSuitesInProcess(ForkedBooter.java:385)
at org.apache.maven.surefire.booter.ForkedBooter.execute(ForkedBooter.java:162)
at org.apache.maven.surefire.booter.ForkedBooter.run(ForkedBooter.java:507)
at org.apache.maven.surefire.booter.ForkedBooter.main(ForkedBooter.java:495)
]]>
            </full-stacktrace>
          </exception> <!-- java.lang.AssertionError -->
          <reporter-output>
          </reporter-output>
        </test-method> <!-- testResetApp -->
        <test-method signature="testSort(java.lang.String,java.lang.String)[pri:4, instance:inventory.InventoryTests@f5acb9d]" started-at="2024-02-22T03:12:20 EET" name="testSort" data-provider="InventorySession" finished-at="2024-02-22T03:12:21 EET" duration-ms="575" status="PASS">
          <params>
            <param index="0">
              <value>
                <![CDATA[session-username]]>
              </value>
            </param>
            <param index="1">
              <value>
                <![CDATA[standard_user]]>
              </value>
            </param>
          </params>
          <reporter-output>
          </reporter-output>
        </test-method> <!-- testSort -->
        <test-method signature="testSort(java.lang.String,java.lang.String)[pri:4, instance:inventory.InventoryTests@f5acb9d]" started-at="2024-02-22T03:12:21 EET" name="testSort" data-provider="InventorySession" finished-at="2024-02-22T03:12:21 EET" duration-ms="446" status="PASS">
          <params>
            <param index="0">
              <value>
                <![CDATA[session-username]]>
              </value>
            </param>
            <param index="1">
              <value>
                <![CDATA[visual_user]]>
              </value>
            </param>
          </params>
          <reporter-output>
          </reporter-output>
        </test-method> <!-- testSort -->
        <test-method signature="testSort(java.lang.String,java.lang.String)[pri:4, instance:inventory.InventoryTests@f5acb9d]" started-at="2024-02-22T03:12:21 EET" name="testSort" data-provider="InventorySession" finished-at="2024-02-22T03:12:22 EET" duration-ms="402" status="FAIL">
          <params>
            <param index="0">
              <value>
                <![CDATA[session-username]]>
              </value>
            </param>
            <param index="1">
              <value>
                <![CDATA[problem_user]]>
              </value>
            </param>
          </params>
          <exception class="java.lang.AssertionError">
            <message>
              <![CDATA[Sort Filter is not working]]>
            </message>
            <full-stacktrace>
              <![CDATA[java.lang.AssertionError: Sort Filter is not working
at inventory.InventoryTests.testSort(InventoryTests.java:63)
at java.base/jdk.internal.reflect.NativeMethodAccessorImpl.invoke0(Native Method)
at java.base/jdk.internal.reflect.NativeMethodAccessorImpl.invoke(NativeMethodAccessorImpl.java:62)
at java.base/jdk.internal.reflect.DelegatingMethodAccessorImpl.invoke(DelegatingMethodAccessorImpl.java:43)
at java.base/java.lang.reflect.Method.invoke(Method.java:566)
at org.testng.internal.invokers.MethodInvocationHelper.invokeMethod(MethodInvocationHelper.java:139)
at org.testng.internal.invokers.TestInvoker.invokeMethod(TestInvoker.java:664)
at org.testng.internal.invokers.TestInvoker.invokeTestMethod(TestInvoker.java:228)
at org.testng.internal.invokers.MethodRunner.runInSequence(MethodRunner.java:63)
at org.testng.internal.invokers.TestInvoker$MethodInvocationAgent.invoke(TestInvoker.java:961)
at org.testng.internal.invokers.TestInvoker.invokeTestMethods(TestInvoker.java:201)
at org.testng.internal.invokers.TestMethodWorker.invokeTestMethods(TestMethodWorker.java:148)
at org.testng.internal.invokers.TestMethodWorker.run(TestMethodWorker.java:128)
at java.base/java.util.ArrayList.forEach(ArrayList.java:1541)
at org.testng.TestRunner.privateRun(TestRunner.java:819)
at org.testng.TestRunner.run(TestRunner.java:619)
at org.testng.SuiteRunner.runTest(SuiteRunner.java:443)
at org.testng.SuiteRunner.runSequentially(SuiteRunner.java:437)
at org.testng.SuiteRunner.privateRun(SuiteRunner.java:397)
at org.testng.SuiteRunner.run(SuiteRunner.java:336)
at org.testng.SuiteRunnerWorker.runSuite(SuiteRunnerWorker.java:52)
at org.testng.SuiteRunnerWorker.run(SuiteRunnerWorker.java:95)
at org.testng.TestNG.runSuitesSequentially(TestNG.java:1301)
at org.testng.TestNG.runSuitesLocally(TestNG.java:1228)
at org.testng.TestNG.runSuites(TestNG.java:1134)
at org.testng.TestNG.run(TestNG.java:1101)
at org.apache.maven.surefire.testng.TestNGExecutor.run(TestNGExecutor.java:155)
at org.apache.maven.surefire.testng.TestNGDirectoryTestSuite.executeMulti(TestNGDirectoryTestSuite.java:169)
at org.apache.maven.surefire.testng.TestNGDirectoryTestSuite.execute(TestNGDirectoryTestSuite.java:88)
at org.apache.maven.surefire.testng.TestNGProvider.invoke(TestNGProvider.java:137)
at org.apache.maven.surefire.booter.ForkedBooter.runSuitesInProcess(ForkedBooter.java:385)
at org.apache.maven.surefire.booter.ForkedBooter.execute(ForkedBooter.java:162)
at org.apache.maven.surefire.booter.ForkedBooter.run(ForkedBooter.java:507)
at org.apache.maven.surefire.booter.ForkedBooter.main(ForkedBooter.java:495)
]]>
            </full-stacktrace>
          </exception> <!-- java.lang.AssertionError -->
          <reporter-output>
          </reporter-output>
        </test-method> <!-- testSort -->
        <test-method signature="testSort(java.lang.String,java.lang.String)[pri:4, instance:inventory.InventoryTests@f5acb9d]" started-at="2024-02-22T03:12:22 EET" name="testSort" data-provider="InventorySession" finished-at="2024-02-22T03:12:22 EET" duration-ms="316" status="FAIL">
          <params>
            <param index="0">
              <value>
                <![CDATA[session-username]]>
              </value>
            </param>
            <param index="1">
              <value>
                <![CDATA[error_user]]>
              </value>
            </param>
          </params>
          <exception class="java.lang.AssertionError">
            <message>
              <![CDATA[Sort dropdown is broken]]>
            </message>
            <full-stacktrace>
              <![CDATA[java.lang.AssertionError: Sort dropdown is broken
at inventory.InventoryTests.testSort(InventoryTests.java:65)
at java.base/jdk.internal.reflect.NativeMethodAccessorImpl.invoke0(Native Method)
at java.base/jdk.internal.reflect.NativeMethodAccessorImpl.invoke(NativeMethodAccessorImpl.java:62)
at java.base/jdk.internal.reflect.DelegatingMethodAccessorImpl.invoke(DelegatingMethodAccessorImpl.java:43)
at java.base/java.lang.reflect.Method.invoke(Method.java:566)
at org.testng.internal.invokers.MethodInvocationHelper.invokeMethod(MethodInvocationHelper.java:139)
at org.testng.internal.invokers.TestInvoker.invokeMethod(TestInvoker.java:664)
at org.testng.internal.invokers.TestInvoker.invokeTestMethod(TestInvoker.java:228)
at org.testng.internal.invokers.MethodRunner.runInSequence(MethodRunner.java:63)
at org.testng.internal.invokers.TestInvoker$MethodInvocationAgent.invoke(TestInvoker.java:961)
at org.testng.internal.invokers.TestInvoker.invokeTestMethods(TestInvoker.java:201)
at org.testng.internal.invokers.TestMethodWorker.invokeTestMethods(TestMethodWorker.java:148)
at org.testng.internal.invokers.TestMethodWorker.run(TestMethodWorker.java:128)
at java.base/java.util.ArrayList.forEach(ArrayList.java:1541)
at org.testng.TestRunner.privateRun(TestRunner.java:819)
at org.testng.TestRunner.run(TestRunner.java:619)
at org.testng.SuiteRunner.runTest(SuiteRunner.java:443)
at org.testng.SuiteRunner.runSequentially(SuiteRunner.java:437)
at org.testng.SuiteRunner.privateRun(SuiteRunner.java:397)
at org.testng.SuiteRunner.run(SuiteRunner.java:336)
at org.testng.SuiteRunnerWorker.runSuite(SuiteRunnerWorker.java:52)
at org.testng.SuiteRunnerWorker.run(SuiteRunnerWorker.java:95)
at org.testng.TestNG.runSuitesSequentially(TestNG.java:1301)
at org.testng.TestNG.runSuitesLocally(TestNG.java:1228)
at org.testng.TestNG.runSuites(TestNG.java:1134)
at org.testng.TestNG.run(TestNG.java:1101)
at org.apache.maven.surefire.testng.TestNGExecutor.run(TestNGExecutor.java:155)
at org.apache.maven.surefire.testng.TestNGDirectoryTestSuite.executeMulti(TestNGDirectoryTestSuite.java:169)
at org.apache.maven.surefire.testng.TestNGDirectoryTestSuite.execute(TestNGDirectoryTestSuite.java:88)
at org.apache.maven.surefire.testng.TestNGProvider.invoke(TestNGProvider.java:137)
at org.apache.maven.surefire.booter.ForkedBooter.runSuitesInProcess(ForkedBooter.java:385)
at org.apache.maven.surefire.booter.ForkedBooter.execute(ForkedBooter.java:162)
at org.apache.maven.surefire.booter.ForkedBooter.run(ForkedBooter.java:507)
at org.apache.maven.surefire.booter.ForkedBooter.main(ForkedBooter.java:495)
]]>
            </full-stacktrace>
          </exception> <!-- java.lang.AssertionError -->
          <reporter-output>
          </reporter-output>
        </test-method> <!-- testSort -->
        <test-method signature="testCartStyle(java.lang.String,java.lang.String)[pri:5, instance:inventory.InventoryTests@f5acb9d]" started-at="2024-02-22T03:12:22 EET" name="testCartStyle" data-provider="InventorySession" finished-at="2024-02-22T03:12:22 EET" duration-ms="219" status="PASS">
          <params>
            <param index="0">
              <value>
                <![CDATA[session-username]]>
              </value>
            </param>
            <param index="1">
              <value>
                <![CDATA[standard_user]]>
              </value>
            </param>
          </params>
          <reporter-output>
          </reporter-output>
        </test-method> <!-- testCartStyle -->
        <test-method signature="testCartStyle(java.lang.String,java.lang.String)[pri:5, instance:inventory.InventoryTests@f5acb9d]" started-at="2024-02-22T03:12:22 EET" name="testCartStyle" data-provider="InventorySession" finished-at="2024-02-22T03:12:22 EET" duration-ms="176" status="FAIL">
          <params>
            <param index="0">
              <value>
                <![CDATA[session-username]]>
              </value>
            </param>
            <param index="1">
              <value>
                <![CDATA[visual_user]]>
              </value>
            </param>
          </params>
          <exception class="java.lang.AssertionError">
            <message>
              <![CDATA[Css style is not correct]]>
            </message>
            <full-stacktrace>
              <![CDATA[java.lang.AssertionError: Css style is not correct
at inventory.InventoryTests.testCartStyle(InventoryTests.java:76)
at java.base/jdk.internal.reflect.NativeMethodAccessorImpl.invoke0(Native Method)
at java.base/jdk.internal.reflect.NativeMethodAccessorImpl.invoke(NativeMethodAccessorImpl.java:62)
at java.base/jdk.internal.reflect.DelegatingMethodAccessorImpl.invoke(DelegatingMethodAccessorImpl.java:43)
at java.base/java.lang.reflect.Method.invoke(Method.java:566)
at org.testng.internal.invokers.MethodInvocationHelper.invokeMethod(MethodInvocationHelper.java:139)
at org.testng.internal.invokers.TestInvoker.invokeMethod(TestInvoker.java:664)
at org.testng.internal.invokers.TestInvoker.invokeTestMethod(TestInvoker.java:228)
at org.testng.internal.invokers.MethodRunner.runInSequence(MethodRunner.java:63)
at org.testng.internal.invokers.TestInvoker$MethodInvocationAgent.invoke(TestInvoker.java:961)
at org.testng.internal.invokers.TestInvoker.invokeTestMethods(TestInvoker.java:201)
at org.testng.internal.invokers.TestMethodWorker.invokeTestMethods(TestMethodWorker.java:148)
at org.testng.internal.invokers.TestMethodWorker.run(TestMethodWorker.java:128)
at java.base/java.util.ArrayList.forEach(ArrayList.java:1541)
at org.testng.TestRunner.privateRun(TestRunner.java:819)
at org.testng.TestRunner.run(TestRunner.java:619)
at org.testng.SuiteRunner.runTest(SuiteRunner.java:443)
at org.testng.SuiteRunner.runSequentially(SuiteRunner.java:437)
at org.testng.SuiteRunner.privateRun(SuiteRunner.java:397)
at org.testng.SuiteRunner.run(SuiteRunner.java:336)
at org.testng.SuiteRunnerWorker.runSuite(SuiteRunnerWorker.java:52)
at org.testng.SuiteRunnerWorker.run(SuiteRunnerWorker.java:95)
at org.testng.TestNG.runSuitesSequentially(TestNG.java:1301)
at org.testng.TestNG.runSuitesLocally(TestNG.java:1228)
at org.testng.TestNG.runSuites(TestNG.java:1134)
at org.testng.TestNG.run(TestNG.java:1101)
at org.apache.maven.surefire.testng.TestNGExecutor.run(TestNGExecutor.java:155)
at org.apache.maven.surefire.testng.TestNGDirectoryTestSuite.executeMulti(TestNGDirectoryTestSuite.java:169)
at org.apache.maven.surefire.testng.TestNGDirectoryTestSuite.execute(TestNGDirectoryTestSuite.java:88)
at org.apache.maven.surefire.testng.TestNGProvider.invoke(TestNGProvider.java:137)
at org.apache.maven.surefire.booter.ForkedBooter.runSuitesInProcess(ForkedBooter.java:385)
at org.apache.maven.surefire.booter.ForkedBooter.execute(ForkedBooter.java:162)
at org.apache.maven.surefire.booter.ForkedBooter.run(ForkedBooter.java:507)
at org.apache.maven.surefire.booter.ForkedBooter.main(ForkedBooter.java:495)
]]>
            </full-stacktrace>
          </exception> <!-- java.lang.AssertionError -->
          <reporter-output>
          </reporter-output>
        </test-method> <!-- testCartStyle -->
        <test-method signature="testCartStyle(java.lang.String,java.lang.String)[pri:5, instance:inventory.InventoryTests@f5acb9d]" started-at="2024-02-22T03:12:22 EET" name="testCartStyle" data-provider="InventorySession" finished-at="2024-02-22T03:12:23 EET" duration-ms="274" status="PASS">
          <params>
            <param index="0">
              <value>
                <![CDATA[session-username]]>
              </value>
            </param>
            <param index="1">
              <value>
                <![CDATA[problem_user]]>
              </value>
            </param>
          </params>
          <reporter-output>
          </reporter-output>
        </test-method> <!-- testCartStyle -->
        <test-method signature="testCartStyle(java.lang.String,java.lang.String)[pri:5, instance:inventory.InventoryTests@f5acb9d]" started-at="2024-02-22T03:12:23 EET" name="testCartStyle" data-provider="InventorySession" finished-at="2024-02-22T03:12:23 EET" duration-ms="227" status="PASS">
          <params>
            <param index="0">
              <value>
                <![CDATA[session-username]]>
              </value>
            </param>
            <param index="1">
              <value>
                <![CDATA[error_user]]>
              </value>
            </param>
          </params>
          <reporter-output>
          </reporter-output>
        </test-method> <!-- testCartStyle -->
        <test-method is-config="true" signature="tearDown()[pri:0, instance:inventory.InventoryTests@f5acb9d]" started-at="2024-02-22T03:12:23 EET" name="tearDown" finished-at="2024-02-22T03:12:25 EET" duration-ms="2300" status="PASS">
          <reporter-output>
          </reporter-output>
        </test-method> <!-- tearDown -->
      </class> <!-- inventory.InventoryTests -->
    </test> <!-- Surefire test -->
  </suite> <!-- Surefire suite -->
</testng-results>
